[04Jan2025 00:10:26.617] [Server thread/INFO] [net.minecraftforge.common.AdvancementLoadFix/]: Using new advancement loading for net.minecraft.server.PlayerAdvancements@14005043
[04Jan2025 00:10:26.658] [Server thread/INFO] [net.minecraft.server.players.PlayerList/]: Abdiel16101[/[0:0:0:0:0:0:0:1%0]:56534] logged in with entity id 482 at (-1956.5, 63.0, 1129.5)
[04Jan2025 00:10:26.724] [Server thread/INFO] [net.minecraft.server.MinecraftServer/]: Abdiel16101 joined the game
[04Jan2025 00:10:26.793] [Server thread/INFO] [Jade/]: Syncing config to Abdiel16101 (fb11241e-a7ac-3570-bb64-18383497d7be)
[04Jan2025 00:10:28.836] [Server thread/WARN] [net.minecraft.server.MinecraftServer/]: Can't keep up! Is the server overloaded? Running 2192ms or 43 ticks behind
[04Jan2025 00:15:15.249] [Server thread/WARN] [net.minecraft.server.MinecraftServer/]: Can't keep up! Is the server overloaded? Running 2055ms or 41 ticks behind
[04Jan2025 00:15:39.046] [Server thread/WARN] [net.minecraft.server.MinecraftServer/]: Can't keep up! Is the server overloaded? Running 8801ms or 176 ticks behind
[04Jan2025 00:15:57.494] [Server thread/WARN] [net.minecraft.server.MinecraftServer/]: Can't keep up! Is the server overloaded? Running 3450ms or 69 ticks behind
[04Jan2025 00:16:15.070] [Server thread/WARN] [net.minecraft.server.MinecraftServer/]: Can't keep up! Is the server overloaded? Running 2575ms or 51 ticks behind
[04Jan2025 00:16:36.192] [Server thread/WARN] [net.minecraft.server.MinecraftServer/]: Can't keep up! Is the server overloaded? Running 6148ms or 122 ticks behind
[04Jan2025 00:16:36.904] [Server thread/INFO] [net.minecraft.server.MinecraftServer/]: playerrevive.chat.bleeding
[04Jan2025 00:16:36.905] [Server thread/WARN] [tombstone/]: The death event of the player Abdiel16101 was canceled by another mod
[04Jan2025 00:16:37.023] [Server thread/INFO] [tombstone/]: The player Abdiel16101 has successfully been saved
[04Jan2025 00:16:42.976] [Server thread/WARN] [tombstone/]: The death event of the player Abdiel16101 was canceled by another mod
[04Jan2025 00:16:44.661] [Server thread/INFO] [net.minecraft.server.MinecraftServer/]: After Abdiel16101 was doomed to fall, they gave up
[04Jan2025 00:16:44.676] [Server thread/INFO] [tombstone/]: The player Abdiel16101 has successfully been saved
[04Jan2025 00:16:55.432] [Server thread/WARN] [net.minecraft.server.MinecraftServer/]: Can't keep up! Is the server overloaded? Running 4288ms or 85 ticks behind
[04Jan2025 00:17:19.196] [Server thread/WARN] [net.minecraft.server.MinecraftServer/]: Can't keep up! Is the server overloaded? Running 2001ms or 40 ticks behind
[04Jan2025 00:18:29.154] [Server thread/INFO] [net.minecraft.world.entity.npc.Villager/]: Villager Villager['Nitwit'/7102, l='ServerLevel[world]', x=-2422.76, y=94.62, z=686.34] died, message: 'Nitwit was slain by Fire Dragon'
[04Jan2025 00:18:34.706] [Server thread/WARN] [net.minecraft.server.MinecraftServer/]: Can't keep up! Is the server overloaded? Running 2162ms or 43 ticks behind
